d 3 4 
d 3 59 
d 3 76 
d 3 68 
d 3 44 
d 3 67 
d 3 11 
d 30 8 
d 3 96 
d 30 5 
d 3 45 
d 3 20 
d 3 89 
d 3 23 
d 30 9 
d 3 89 
d 3 45 
d 30 9 
d 3 74 
d 3 60 
d 30 4 
d 3 72 
d 3 97 
d 3 62 
d 30 5 
d 3 39 
d 3 17 
d 3 36 
d 3 61 
d 30 5 
d 3 31 
d 3 95 
d 3 79 
d 3 89 
d 3 99 
d 3 17 
d 3 59 
d 3 39 
d 3 66 
d 3 16 
d 3 84 
d 3 32 
d 3 22 
d 3 97 
d 3 42 
d 3 94 
d 3 89 
d 3 43 
d 3 63 
d 3 36 
d 3 51 
d 3 57 
d 3 53 
d 1 33 
d 1 10 
d 1 29 
d 1 35 
d 1 83 
d 1 64 
d 1 85 
d 1 65 
d 1 66 
d 3 13 
d 1 48 
d 3 75 
d 3 24 
d 1 72 
d 3 73 
d 1 31 
d 3 65 
d 30 7 
d 3 12 
d 3 83 
d 1 97 
d 3 47 
d 3 65 
d 3 82 
d 3 16 
d 3 76 
d 1 90 
d 1 43 
d 30 2 
d 3 89 
d 3 53 
d 10 1 
d 3 68 
d 1 95 
d 3 47 
d 1 70 
d 1 29 
d 30 5 
d 1 95 
d 3 42 
d 3 48 
d 3 59 
d 3 89 
d 1 83 
d 3 100 
d 3 56 
d 3 67 
d 3 59 
d 3 67 
d 3 18 
d 3 34 
d 30 1 
d 3 91 
d 3 53 
d 1 28 
d 1 52 
d 3 32 
d 3 25 
d 3 26 
d 3 70 
d 10 3 
d 30 5 
d 10 1 
d 3 48 
d 3 82 
d 1 77 
d 3 50 
d 3 34 
d 1 88 
d 3 47 
d 3 68 
d 10 5 
d 3 14 
d 1 86 
d 3 15 
d 1 86 
d 3 10 
d 3 66 
d 3 37 
d 10 8 
d 3 95 
d 3 60 
d 1 20 
d 3 59 
d 1 33 
d 1 62 
d 3 18 
d 1 87 
d 3 84 
d 3 24 
d 30 3 
d 3 98 
d 1 96 
d 1 47 
d 3 19 
d 1 44 
d 1 67 
d 1 68 
d 1 95 
d 1 87 
d 1 23 
d 1 68 
d 1 53 
d 3 99 
d 3 65 
d 1 73 
d 3 52 
d 1 60 
d 3 76 
d 3 95 
d 3 77 
d 3 70 
d 3 66 
d 3 54 
d 1 49 
d 30 1 
d 3 79 
d 1 79 
d 3 28 
d 3 38 
d 3 42 
d 1 41 
d 3 83 
d 3 80 
d 3 77 
d 3 44 
d 3 90 
d 1 82 
d 30 1 
d 1 36 
d 3 33 
d 1 66 
d 3 57 
d 1 21 
d 1 73 
d 3 54 
d 3 12 
d 3 81 
d 1 17 
d 3 13 
d 1 59 
d 1 51 
d 1 16 
d 1 75 
d 3 84 
d 3 96 
d 1 18 
d 3 48 
d 1 100 
d 10 5 
d 1 30 
d 1 43 
d 1 22 
d 3 69 
d 10 9 
d 1 84 
d 1 64 
d 1 66 
d 3 90 
d 3 45 
d 1 28 
d 3 44 
d 30 2 
d 3 36 
d 3 29 
d 3 44 
d 10 2 
d 1 78 
d 1 45 
d 3 82 
d 1 29 
d 10 9 
d 1 70 
d 1 88 
d 1 43 
d 3 50 
d 30 6 
d 1 66 
d 1 55 
d 10 1 
d 10 2 
d 1 78 
d 1 13 
d 1 73 
d 3 83 
d 3 89 
d 1 79 
d 3 80 
d 1 91 
d 3 100 
d 3 37 
d 10 8 
d 1 77 
d 1 14 
d 3 76 
d 3 99 
d 3 12 
d 1 82 
d 3 41 
d 1 37 
d 30 1 
d 30 7 
d 1 52 
d 3 90 
d 3 82 
d 3 48 
d 1 58 
d 10 1 
d 1 47 
d 1 51 
d 3 23 
d 3 44 
d 1 70 
d 3 54 
d 1 33 
d 3 90 
d 1 60 
d 1 42 
d 3 59 
d 3 39 
d 1 11 
d 3 31 
