d 1 42
d 1 51
d 3 1
d 3 21
d 3 23
d 3 39
d 3 45
d 3 54
d 3 64
d 3 66
d 3 67
d 3 68
d 3 69
d 3 91
d 3 92
d 3 3
d 3 32
d 3 48
d 3 49
d 3 81
d 3 7
d 3 25
d 3 30
d 3 31
d 3 72
d 3 88
d 3 89
d 3 40
d 3 46
d 3 58
d 3 75
d 3 94
d 3 17
d 3 24
d 3 57
d 3 76
d 3 78
d 3 97
d 3 13
d 3 62
d 3 56
d 3 61
d 3 85
d 3 11
d 3 99
d 3 83
d 3 20
d 1 94
d 3 47
d 3 77
d 3 87
d 3 26
d 3 95
d 3 29
d 3 90
d 3 52
d 3 70
d 3 27
d 3 50
d 3 86
d 3 79
d 3 98
d 3 96
d 3 55
d 2 86
d 3 38
d 3 42
d 3 34
d 3 60
d 3 37
d 3 63
d 3 33
d 3 19
d 3 41
d 3 82
d 3 12
d 3 73
d 3 18
d 3 8
d 3 6
d 3 14
d 1 41
d 2 57
d 3 4
d 3 2
d 2 12
d 3 16
d 3 59
d 3 51
d 1 99
d 3 43
d 3 53
d 3 100
d 3 28
d 3 74
d 2 98
d 1 82
d 3 65
d 3 80
d 3 36
d 3 84
d 3 44
d 3 9
d 2 37
d 3 35
d 1 25
d 2 69
d 3 10
d 3 15
d 2 42
d 1 29
d 3 93
d 3 71
d 2 82
d 2 52
d 2 59
d 2 32
d 1 9
d 2 6
d 2 24
d 2 75
d 2 79
d 2 71
d 2 48
d 2 11
d 2 26
d 2 46
d 2 87
d 2 56
d 2 76
d 2 74
d 2 22
d 2 16
d 2 15
d 2 49
d 2 93
d 2 27
d 2 23
d 2 13
d 2 44
d 2 96
d 2 90
d 3 5
d 2 88
d 2 95
d 2 1
d 2 68
d 2 25
d 2 41
d 2 94
d 1 54
d 2 63
d 2 5
d 2 35
d 2 83
d 2 8
d 2 9
d 2 58
d 2 66
d 2 45
d 2 17
d 2 33
d 2 21
d 2 39
d 2 67
d 2 40
d 2 97
d 2 73
d 2 89
d 1 26
d 1 15
d 1 84
d 3 22
d 2 2
d 2 43
d 2 20
d 2 53
d 2 19
d 1 11
d 1 54
d 1 13
d 2 29
d 1 7
d 2 7
d 2 18
d 2 47
d 1 12
d 1 78
d 2 84
d 2 80
d 1 10
d 2 100
d 2 50
d 2 62
d 2 65
d 2 31
d 2 14
d 2 61
d 2 64
d 2 4
d 2 78
d 2 51
d 2 91
d 2 36
d 2 77
d 2 55
d 2 72
d 2 30
d 2 34
d 2 70
d 2 81
d 2 99
d 2 92
d 2 60
d 2 85
d 2 38
