d 1 100
d 5 30
d 3 100
d 5 71
d 5 2
d 5 31
d 5 20
d 5 82
d 5 6
d 5 100
d 5 85
d 5 29
d 5 9
d 5 15
d 5 63
d 5 79
d 5 94
d 5 10
d 5 6
d 5 3
d 5 74
d 5 74
d 5 54
d 5 65
d 5 90
d 5 91
d 5 1
d 5 3
d 5 26
d 5 99
d 5 66
d 5 96
d 5 71
d 5 56
d 5 49
d 5 9
d 5 11
d 5 42
d 5 11
d 5 86
d 5 40
d 5 49
d 5 48
d 5 81
d 5 57
d 5 36
d 5 81
d 5 1
d 5 21
d 5 41
d 5 9
d 5 94
d 5 84
d 5 4
d 5 38
d 5 69
d 5 38
d 5 8
d 5 57
d 5 40
d 5 72
d 5 60
d 5 95
d 5 58
d 5 65
d 5 71
d 5 20
d 5 53
d 5 70
d 5 2
d 5 54
d 1 14
d 5 81
d 5 28
d 5 92
d 5 1
d 5 13
d 5 54
d 5 30
d 1 4
d 5 38
d 5 71
d 1 31
d 5 63
d 1 12
d 1 46
d 1 42
d 5 38
d 5 33
d 5 80
d 5 39
d 1 42
d 1 68
d 1 100
d 1 81
d 5 81
d 5 90
d 1 57
d 1 70
d 5 77
d 5 92
d 5 93
d 5 84
d 5 64
d 5 79
d 5 20
d 1 46
d 5 32
d 5 35
d 5 40
d 1 33
d 1 99
d 5 64
d 5 80
d 5 92
d 1 7
d 5 24
d 5 40
d 1 49
d 5 78
d 5 65
d 5 51
d 5 92
d 5 57
d 5 58
d 5 28
d 5 87
d 5 91
d 5 31
d 1 48
d 5 45
d 1 4
d 5 27
d 5 50
d 5 1
d 5 75
d 5 81
d 5 66
d 5 97
d 5 62
d 5 84
d 5 84
d 5 47
d 5 14
d 5 81
d 5 67
d 1 62
d 5 40
d 5 32
d 5 78
d 5 76
d 1 21
d 5 34
d 5 46
d 1 59
d 1 17
d 5 98
d 1 11
d 1 43
d 1 45
d 5 20
d 1 82
d 1 90
d 1 65
d 5 69
d 5 25
d 1 24
d 5 95
d 1 18
d 5 9
d 1 87
d 5 99
d 5 79
d 1 50
d 1 38
d 1 23
d 1 86
d 5 22
d 5 67
d 5 54
d 1 63
d 5 19
d 5 60
d 5 46
d 5 36
d 5 9
d 5 69
d 5 57
d 1 19
d 5 25
d 5 15
d 5 16
d 5 13
d 5 37
d 5 21
d 5 64
d 5 5
d 5 45
d 5 96
d 1 15
d 1 18
d 5 66
d 1 1
d 1 54
d 5 50
d 5 57
d 5 64
d 5 16
d 5 14
d 5 75
d 5 88
d 1 40
d 5 43
d 5 42
d 5 87
d 5 62
d 5 12
d 5 42
d 1 23
d 1 16
d 5 68
d 5 56
d 1 52
d 5 79
d 5 42
d 1 4
d 5 25
d 5 88
d 5 8
d 5 26
d 3 39
d 5 55
d 5 47
d 5 57
d 5 41
d 5 13
d 1 60
d 5 93
d 5 72
d 5 92
d 5 1
d 5 73
d 1 97
d 5 72
d 1 22
d 5 8
d 5 75
d 5 68
d 5 51
d 5 50
d 5 89
d 5 94
d 5 90
d 5 14
d 5 33
d 5 71
d 5 14
d 5 57
d 5 56
d 5 34
d 1 33
d 1 100
d 5 26
d 5 79
d 1 76
d 5 40
d 5 100
d 5 35
d 5 9
d 5 71
d 5 31
d 5 27
d 1 100
d 5 79
d 5 94
d 1 29
d 5 19
d 1 83
d 1 51
d 1 81
d 5 74
d 5 76
d 5 12
d 1 75
d 5 26
d 1 75
d 5 71
d 1 14
d 1 35
d 5 70
d 1 19
d 5 47
d 5 74
d 5 9
d 1 19
d 1 85
d 5 64
d 5 50
d 5 53
d 5 68
d 1 86
d 5 3
d 5 60
d 1 78
d 5 12
d 1 26
d 1 62
d 1 63
d 5 57
d 1 10
d 1 38
d 1 55
d 5 71
d 1 64
d 1 72
d 5 46
d 5 93
d 5 10
d 5 89
d 5 94
d 5 72
d 1 92
d 5 12
d 1 51
d 1 31
d 1 54
d 5 93
d 5 21
d 1 14
d 5 27
d 1 84
d 1 50
d 1 91
d 5 41
d 1 31
d 5 49
d 1 73
d 1 45
d 1 50
